AH00558: apache2: Could not reliably determine the server's fully qualified domain name, using 172.22.0.3. Set the 'ServerName' directive globally to suppress this message
[Tue Sep 21 14:43:26.195228 2021] [mpm_prefork:notice] [pid 1] AH00163: Apache/2.4.48 (Debian) PHP/8.0.10 configured -- resuming normal operations
[Tue Sep 21 14:43:26.195256 2021] [core:notice] [pid 1] AH00094: Command line: 'apache2 -D FOREGROUND'
[Tue Sep 21 14:46:53.024084 2021] [mpm_prefork:notice] [pid 1] AH00170: caught SIGWINCH, shutting down gracefully
AH00558: apache2: Could not reliably determine the server's fully qualified domain name, using 172.23.0.4. Set the 'ServerName' directive globally to suppress this message
[Wed Sep 22 12:28:05.389156 2021] [mpm_prefork:notice] [pid 1] AH00163: Apache/2.4.48 (Debian) PHP/8.0.10 configured -- resuming normal operations
[Wed Sep 22 12:28:05.389205 2021] [core:notice] [pid 1] AH00094: Command line: 'apache2 -D FOREGROUND'
AH00558: apache2: Could not reliably determine the server's fully qualified domain name, using 172.23.0.4. Set the 'ServerName' directive globally to suppress this message
[Wed Sep 22 15:32:20.375720 2021] [mpm_prefork:notice] [pid 1] AH00163: Apache/2.4.48 (Debian) PHP/8.0.10 configured -- resuming normal operations
[Wed Sep 22 15:32:20.375760 2021] [core:notice] [pid 1] AH00094: Command line: 'apache2 -D FOREGROUND'
AH00558: apache2: Could not reliably determine the server's fully qualified domain name, using 172.23.0.4. Set the 'ServerName' directive globally to suppress this message
Xdebug: [Config] The setting 'xdebug.default_enable' has been renamed, see the upgrading guide at https://xdebug.org/docs/upgrade_guide#changed-xdebug.default_enable (See: https://xdebug.org/docs/errors#CFG-C-CHANGED)
Xdebug: [Config] The setting 'xdebug.remote_autostart' has been renamed, see the upgrading guide at https://xdebug.org/docs/upgrade_guide#changed-xdebug.remote_autostart (See: https://xdebug.org/docs/errors#CFG-C-CHANGED)
Xdebug: [Config] The setting 'xdebug.remote_connect_back' has been renamed, see the upgrading guide at https://xdebug.org/docs/upgrade_guide#changed-xdebug.remote_connect_back (See: https://xdebug.org/docs/errors#CFG-C-CHANGED)
Xdebug: [Config] The setting 'xdebug.remote_enable' has been renamed, see the upgrading guide at https://xdebug.org/docs/upgrade_guide#changed-xdebug.remote_enable (See: https://xdebug.org/docs/errors#CFG-C-CHANGED)
Xdebug: [Config] The setting 'xdebug.remote_host' has been renamed, see the upgrading guide at https://xdebug.org/docs/upgrade_guide#changed-xdebug.remote_host (See: https://xdebug.org/docs/errors#CFG-C-CHANGED)
Xdebug: [Config] The setting 'xdebug.remote_log' has been renamed, see the upgrading guide at https://xdebug.org/docs/upgrade_guide#changed-xdebug.remote_log (See: https://xdebug.org/docs/errors#CFG-C-CHANGED)
Xdebug: [Config] The setting 'xdebug.remote_port' has been renamed, see the upgrading guide at https://xdebug.org/docs/upgrade_guide#changed-xdebug.remote_port (See: https://xdebug.org/docs/errors#CFG-C-CHANGED)
[Wed Sep 22 16:05:15.343493 2021] [mpm_prefork:notice] [pid 1] AH00163: Apache/2.4.48 (Debian) PHP/8.0.10 configured -- resuming normal operations
[Wed Sep 22 16:05:15.343516 2021] [core:notice] [pid 1] AH00094: Command line: 'apache2 -D FOREGROUND'
AH00558: apache2: Could not reliably determine the server's fully qualified domain name, using 172.23.0.4. Set the 'ServerName' directive globally to suppress this message
Cannot load Xdebug - it was already loaded
Xdebug: [Config] The setting 'xdebug.default_enable' has been renamed, see the upgrading guide at https://xdebug.org/docs/upgrade_guide#changed-xdebug.default_enable (See: https://xdebug.org/docs/errors#CFG-C-CHANGED)
Xdebug: [Config] The setting 'xdebug.remote_autostart' has been renamed, see the upgrading guide at https://xdebug.org/docs/upgrade_guide#changed-xdebug.remote_autostart (See: https://xdebug.org/docs/errors#CFG-C-CHANGED)
Xdebug: [Config] The setting 'xdebug.remote_connect_back' has been renamed, see the upgrading guide at https://xdebug.org/docs/upgrade_guide#changed-xdebug.remote_connect_back (See: https://xdebug.org/docs/errors#CFG-C-CHANGED)
Xdebug: [Config] The setting 'xdebug.remote_enable' has been renamed, see the upgrading guide at https://xdebug.org/docs/upgrade_guide#changed-xdebug.remote_enable (See: https://xdebug.org/docs/errors#CFG-C-CHANGED)
Xdebug: [Config] The setting 'xdebug.remote_host' has been renamed, see the upgrading guide at https://xdebug.org/docs/upgrade_guide#changed-xdebug.remote_host (See: https://xdebug.org/docs/errors#CFG-C-CHANGED)
Xdebug: [Config] The setting 'xdebug.remote_log' has been renamed, see the upgrading guide at https://xdebug.org/docs/upgrade_guide#changed-xdebug.remote_log (See: https://xdebug.org/docs/errors#CFG-C-CHANGED)
Xdebug: [Config] The setting 'xdebug.remote_port' has been renamed, see the upgrading guide at https://xdebug.org/docs/upgrade_guide#changed-xdebug.remote_port (See: https://xdebug.org/docs/errors#CFG-C-CHANGED)
[Fri Sep 24 09:38:00.603035 2021] [mpm_prefork:notice] [pid 1] AH00163: Apache/2.4.48 (Debian) PHP/8.0.10 configured -- resuming normal operations
[Fri Sep 24 09:38:00.603063 2021] [core:notice] [pid 1] AH00094: Command line: 'apache2 -D FOREGROUND'
[Fri Sep 24 09:41:02.960729 2021] [mpm_prefork:notice] [pid 1] AH00170: caught SIGWINCH, shutting down gracefully
AH00558: apache2: Could not reliably determine the server's fully qualified domain name, using 172.23.0.4. Set the 'ServerName' directive globally to suppress this message
Cannot load Xdebug - it was already loaded
Xdebug: [Config] The setting 'xdebug.default_enable' has been renamed, see the upgrading guide at https://xdebug.org/docs/upgrade_guide#changed-xdebug.default_enable (See: https://xdebug.org/docs/errors#CFG-C-CHANGED)
Xdebug: [Config] The setting 'xdebug.remote_autostart' has been renamed, see the upgrading guide at https://xdebug.org/docs/upgrade_guide#changed-xdebug.remote_autostart (See: https://xdebug.org/docs/errors#CFG-C-CHANGED)
Xdebug: [Config] The setting 'xdebug.remote_connect_back' has been renamed, see the upgrading guide at https://xdebug.org/docs/upgrade_guide#changed-xdebug.remote_connect_back (See: https://xdebug.org/docs/errors#CFG-C-CHANGED)
Xdebug: [Config] The setting 'xdebug.remote_enable' has been renamed, see the upgrading guide at https://xdebug.org/docs/upgrade_guide#changed-xdebug.remote_enable (See: https://xdebug.org/docs/errors#CFG-C-CHANGED)
Xdebug: [Config] The setting 'xdebug.remote_host' has been renamed, see the upgrading guide at https://xdebug.org/docs/upgrade_guide#changed-xdebug.remote_host (See: https://xdebug.org/docs/errors#CFG-C-CHANGED)
Xdebug: [Config] The setting 'xdebug.remote_log' has been renamed, see the upgrading guide at https://xdebug.org/docs/upgrade_guide#changed-xdebug.remote_log (See: https://xdebug.org/docs/errors#CFG-C-CHANGED)
Xdebug: [Config] The setting 'xdebug.remote_port' has been renamed, see the upgrading guide at https://xdebug.org/docs/upgrade_guide#changed-xdebug.remote_port (See: https://xdebug.org/docs/errors#CFG-C-CHANGED)
[Fri Sep 24 09:41:07.844959 2021] [mpm_prefork:notice] [pid 1] AH00163: Apache/2.4.48 (Debian) PHP/8.0.10 configured -- resuming normal operations
[Fri Sep 24 09:41:07.844985 2021] [core:notice] [pid 1] AH00094: Command line: 'apache2 -D FOREGROUND'
AH00558: apache2: Could not reliably determine the server's fully qualified domain name, using 172.23.0.4. Set the 'ServerName' directive globally to suppress this message
Cannot load Xdebug - it was already loaded
Xdebug: [Config] The setting 'xdebug.default_enable' has been renamed, see the upgrading guide at https://xdebug.org/docs/upgrade_guide#changed-xdebug.default_enable (See: https://xdebug.org/docs/errors#CFG-C-CHANGED)
Xdebug: [Config] The setting 'xdebug.remote_autostart' has been renamed, see the upgrading guide at https://xdebug.org/docs/upgrade_guide#changed-xdebug.remote_autostart (See: https://xdebug.org/docs/errors#CFG-C-CHANGED)
Xdebug: [Config] The setting 'xdebug.remote_connect_back' has been renamed, see the upgrading guide at https://xdebug.org/docs/upgrade_guide#changed-xdebug.remote_connect_back (See: https://xdebug.org/docs/errors#CFG-C-CHANGED)
Xdebug: [Config] The setting 'xdebug.remote_enable' has been renamed, see the upgrading guide at https://xdebug.org/docs/upgrade_guide#changed-xdebug.remote_enable (See: https://xdebug.org/docs/errors#CFG-C-CHANGED)
Xdebug: [Config] The setting 'xdebug.remote_host' has been renamed, see the upgrading guide at https://xdebug.org/docs/upgrade_guide#changed-xdebug.remote_host (See: https://xdebug.org/docs/errors#CFG-C-CHANGED)
Xdebug: [Config] The setting 'xdebug.remote_log' has been renamed, see the upgrading guide at https://xdebug.org/docs/upgrade_guide#changed-xdebug.remote_log (See: https://xdebug.org/docs/errors#CFG-C-CHANGED)
Xdebug: [Config] The setting 'xdebug.remote_port' has been renamed, see the upgrading guide at https://xdebug.org/docs/upgrade_guide#changed-xdebug.remote_port (See: https://xdebug.org/docs/errors#CFG-C-CHANGED)
[Fri Sep 24 09:41:18.401489 2021] [mpm_prefork:notice] [pid 1] AH00163: Apache/2.4.48 (Debian) PHP/8.0.10 configured -- resuming normal operations
[Fri Sep 24 09:41:18.401514 2021] [core:notice] [pid 1] AH00094: Command line: 'apache2 -D FOREGROUND'
AH00558: apache2: Could not reliably determine the server's fully qualified domain name, using 172.23.0.4. Set the 'ServerName' directive globally to suppress this message
Xdebug: [Config] The setting 'xdebug.default_enable' has been renamed, see the upgrading guide at https://xdebug.org/docs/upgrade_guide#changed-xdebug.default_enable (See: https://xdebug.org/docs/errors#CFG-C-CHANGED)
Xdebug: [Config] The setting 'xdebug.remote_autostart' has been renamed, see the upgrading guide at https://xdebug.org/docs/upgrade_guide#changed-xdebug.remote_autostart (See: https://xdebug.org/docs/errors#CFG-C-CHANGED)
Xdebug: [Config] The setting 'xdebug.remote_connect_back' has been renamed, see the upgrading guide at https://xdebug.org/docs/upgrade_guide#changed-xdebug.remote_connect_back (See: https://xdebug.org/docs/errors#CFG-C-CHANGED)
Xdebug: [Config] The setting 'xdebug.remote_enable' has been renamed, see the upgrading guide at https://xdebug.org/docs/upgrade_guide#changed-xdebug.remote_enable (See: https://xdebug.org/docs/errors#CFG-C-CHANGED)
Xdebug: [Config] The setting 'xdebug.remote_host' has been renamed, see the upgrading guide at https://xdebug.org/docs/upgrade_guide#changed-xdebug.remote_host (See: https://xdebug.org/docs/errors#CFG-C-CHANGED)
Xdebug: [Config] The setting 'xdebug.remote_log' has been renamed, see the upgrading guide at https://xdebug.org/docs/upgrade_guide#changed-xdebug.remote_log (See: https://xdebug.org/docs/errors#CFG-C-CHANGED)
Xdebug: [Config] The setting 'xdebug.remote_port' has been renamed, see the upgrading guide at https://xdebug.org/docs/upgrade_guide#changed-xdebug.remote_port (See: https://xdebug.org/docs/errors#CFG-C-CHANGED)
[Fri Sep 24 09:57:33.530808 2021] [mpm_prefork:notice] [pid 1] AH00163: Apache/2.4.48 (Debian) PHP/8.0.10 configured -- resuming normal operations
[Fri Sep 24 09:57:33.530839 2021] [core:notice] [pid 1] AH00094: Command line: 'apache2 -D FOREGROUND'
AH00558: apache2: Could not reliably determine the server's fully qualified domain name, using 172.23.0.4. Set the 'ServerName' directive globally to suppress this message
Xdebug: [Config] The setting 'xdebug.default_enable' has been renamed, see the upgrading guide at https://xdebug.org/docs/upgrade_guide#changed-xdebug.default_enable (See: https://xdebug.org/docs/errors#CFG-C-CHANGED)
[Fri Sep 24 10:10:56.675558 2021] [mpm_prefork:notice] [pid 1] AH00163: Apache/2.4.48 (Debian) PHP/8.0.10 configured -- resuming normal operations
[Fri Sep 24 10:10:56.675591 2021] [core:notice] [pid 1] AH00094: Command line: 'apache2 -D FOREGROUND'
AH00558: apache2: Could not reliably determine the server's fully qualified domain name, using 172.23.0.4. Set the 'ServerName' directive globally to suppress this message
[Fri Sep 24 10:15:32.493574 2021] [mpm_prefork:notice] [pid 1] AH00163: Apache/2.4.48 (Debian) PHP/8.0.10 configured -- resuming normal operations
[Fri Sep 24 10:15:32.493605 2021] [core:notice] [pid 1] AH00094: Command line: 'apache2 -D FOREGROUND'
[Fri Sep 24 10:17:45.208347 2021] [php:notice] [pid 17] [client 172.23.0.1:37568] Xdebug: [Step Debug] Could not connect to debugging client. Tried: 172.23.0.1:9003 (from REMOTE_ADDR HTTP header), localhost:9003 (fallback through xdebug.client_host/xdebug.client_port) :-(
[Fri Sep 24 10:17:50.860874 2021] [php:notice] [pid 18] [client 172.23.0.1:37578] Xdebug: [Step Debug] Could not connect to debugging client. Tried: 172.23.0.1:9003 (from REMOTE_ADDR HTTP header), localhost:9003 (fallback through xdebug.client_host/xdebug.client_port) :-(
[Fri Sep 24 10:19:03.297757 2021] [php:notice] [pid 20] [client 172.23.0.1:37612] Xdebug: [Step Debug] Could not connect to debugging client. Tried: 172.23.0.1:9003 (from REMOTE_ADDR HTTP header), localhost:9003 (fallback through xdebug.client_host/xdebug.client_port) :-(
[Fri Sep 24 10:19:08.625432 2021] [php:notice] [pid 21] [client 172.23.0.1:37624] Xdebug: [Step Debug] Could not connect to debugging client. Tried: 172.23.0.1:9003 (from REMOTE_ADDR HTTP header), localhost:9003 (fallback through xdebug.client_host/xdebug.client_port) :-(
AH00558: apache2: Could not reliably determine the server's fully qualified domain name, using 172.23.0.4. Set the 'ServerName' directive globally to suppress this message
[Fri Sep 24 10:22:12.483226 2021] [mpm_prefork:notice] [pid 1] AH00163: Apache/2.4.48 (Debian) PHP/8.0.10 configured -- resuming normal operations
[Fri Sep 24 10:22:12.483256 2021] [core:notice] [pid 1] AH00094: Command line: 'apache2 -D FOREGROUND'
[Fri Sep 24 10:24:24.036473 2021] [php:notice] [pid 18] [client 172.23.0.1:37772] Xdebug: [Step Debug] Could not connect to debugging client. Tried: 172.23.0.1:9003 (from REMOTE_ADDR HTTP header), localhost:9003 (fallback through xdebug.client_host/xdebug.client_port) :-(
[Fri Sep 24 11:35:36.356813 2021] [mpm_prefork:notice] [pid 1] AH00170: caught SIGWINCH, shutting down gracefully
